
> @govtechsg/oobee@0.10.70 cli
> node --max-old-space-size=10000 dist/cli.js -c website -u https://www.franklincountyohio.gov/ -k Mike Gifford:mike.gifford@civicactions.com -p 200 -s same-domain



 Oobee version: 0.10.70 
 Starting scan... 


[33mâ”Œâ”€â”€â”€â”€â”€â”€â”€â”€â”€â”€â”€â”€â”€â”€â”€â”€â”€â”€â”€â”€â”€â”€â”€â”€â”€â”€â”€â”€â”€â”€â”€â”€â”€â”€â”€â”€â”€â”€â”€â”€â”€â”€â”€â”€â”€â”€â”€â”€â”€â”€â”€â”€â”€â”€â”€â”€â”€â”€â”€â”€â”€â”€â”€â”€â”€â”€â”€â”€â”€â”€â”€â”[39m
[33mâ”‚[39m Scan Summary                                                          [33mâ”‚[39m
[33mâ”‚[39m Oobee App Version: 0.10.70                                            [33mâ”‚[39m
[33mâ”‚[39m                                                                       [33mâ”‚[39m
[33mâ”‚[39m Site Name: Home - Franklin County, Ohio                               [33mâ”‚[39m
[33mâ”‚[39m URL: https://www.franklincountyohio.gov/Home                          [33mâ”‚[39m
[33mâ”‚[39m Pages Scanned: 200                                                    [33mâ”‚[39m
[33mâ”‚[39m Start Time: Thu Nov 27 2025 18:32:13 GMT-0500 (Eastern Standard Time) [33mâ”‚[39m
[33mâ”‚[39m End Time: Thu Nov 27 2025 18:37:54 GMT-0500 (Eastern Standard Time)   [33mâ”‚[39m
[33mâ”‚[39m Elapsed Time: 340.585s                                                [33mâ”‚[39m
[33mâ”‚[39m Device: Desktop                                                       [33mâ”‚[39m
[33mâ”‚[39m Viewport: Desktop                                                     [33mâ”‚[39m
[33mâ”‚[39m Scan Type: Website                                                    [33mâ”‚[39m
[33mâ”‚[39m Label: None                                                           [33mâ”‚[39m
[33mâ”‚[39m                                                                       [33mâ”‚[39m
[33mâ”‚[39m Must Fix: 22 issues / 382 occurrences                                 [33mâ”‚[39m
[33mâ”‚[39m Good to Fix: 13 issues / 374 occurrences                              [33mâ”‚[39m
[33mâ”‚[39m Manual Review Required: 9 issues / 895 occurrences                    [33mâ”‚[39m
[33mâ”‚[39m Passed: 237305 occurrences                                            [33mâ”‚[39m
[33mâ””â”€â”€â”€â”€â”€â”€â”€â”€â”€â”€â”€â”€â”€â”€â”€â”€â”€â”€â”€â”€â”€â”€â”€â”€â”€â”€â”€â”€â”€â”€â”€â”€â”€â”€â”€â”€â”€â”€â”€â”€â”€â”€â”€â”€â”€â”€â”€â”€â”€â”€â”€â”€â”€â”€â”€â”€â”€â”€â”€â”€â”€â”€â”€â”€â”€â”€â”€â”€â”€â”€â”€â”˜[39m


 Preferred browser chrome 


[33mâ”Œâ”€â”€â”€â”€â”€â”€â”€â”€â”€â”€â”€â”€â”€â”€â”€â”€â”€â”€â”€â”€â”€â”€â”€â”€â”€â”€â”€â”€â”€â”€â”€â”€â”€â”€â”€â”€â”€â”€â”€â”€â”€â”€â”€â”€â”€â”€â”€â”€â”€â”€â”€â”€â”€â”€â”€â”€â”€â”€â”€â”€â”€â”€â”€â”€â”€â”€â”€â”€â”€â”€â”€â”€â”€â”€â”€â”€â”€â”€â”€â”€â”€â”€â”€â”€â”€â”€â”€â”€â”€â”€â”€â”€â”€â”€â”€â”€â”€â”€â”€â”€â”€â”€â”€â”€â”€â”€â”€â”€â”€â”€â”€â”€â”€â”€â”€â”€â”€â”€â”€â”€â”€â”€â”€â”€â”€â”€â”[39m
[33mâ”‚[39m Report of this run is at /Users/mgifford/oobee/results/20251127_183139_www.franklincountyohio.gov_759/oobee-scan-results.zip [33mâ”‚[39m
[33mâ”‚[39m Results directory is at /Users/mgifford/oobee/results/20251127_183139_www.franklincountyohio.gov_759                         [33mâ”‚[39m
[33mâ””â”€â”€â”€â”€â”€â”€â”€â”€â”€â”€â”€â”€â”€â”€â”€â”€â”€â”€â”€â”€â”€â”€â”€â”€â”€â”€â”€â”€â”€â”€â”€â”€â”€â”€â”€â”€â”€â”€â”€â”€â”€â”€â”€â”€â”€â”€â”€â”€â”€â”€â”€â”€â”€â”€â”€â”€â”€â”€â”€â”€â”€â”€â”€â”€â”€â”€â”€â”€â”€â”€â”€â”€â”€â”€â”€â”€â”€â”€â”€â”€â”€â”€â”€â”€â”€â”€â”€â”€â”€â”€â”€â”€â”€â”€â”€â”€â”€â”€â”€â”€â”€â”€â”€â”€â”€â”€â”€â”€â”€â”€â”€â”€â”€â”€â”€â”€â”€â”€â”€â”€â”€â”€â”€â”€â”€â”€â”˜[39m
